mode: atomic
github.com/romuloslv/challengeapp/api/accounts/accounts.go:19.53,21.2 1 1
github.com/romuloslv/challengeapp/api/accounts/accounts.go:23.56,32.2 8 1
github.com/romuloslv/challengeapp/api/accounts/accounts.go:51.51,60.2 1 8
github.com/romuloslv/challengeapp/api/accounts/accounts.go:76.42,79.51 2 2
github.com/romuloslv/challengeapp/api/accounts/accounts.go:84.2,93.16 3 1
github.com/romuloslv/challengeapp/api/accounts/accounts.go:99.2,100.46 2 1
github.com/romuloslv/challengeapp/api/accounts/accounts.go:79.51,82.3 2 1
github.com/romuloslv/challengeapp/api/accounts/accounts.go:93.16,96.3 2 0
github.com/romuloslv/challengeapp/api/accounts/accounts.go:114.39,117.53 2 3
github.com/romuloslv/challengeapp/api/accounts/accounts.go:123.2,124.16 2 2
github.com/romuloslv/challengeapp/api/accounts/accounts.go:135.2,136.41 2 1
github.com/romuloslv/challengeapp/api/accounts/accounts.go:117.53,120.3 2 1
github.com/romuloslv/challengeapp/api/accounts/accounts.go:124.16,125.27 1 1
github.com/romuloslv/challengeapp/api/accounts/accounts.go:130.3,131.9 2 0
github.com/romuloslv/challengeapp/api/accounts/accounts.go:125.27,128.4 2 1
github.com/romuloslv/challengeapp/api/accounts/accounts.go:151.46,154.53 2 2
github.com/romuloslv/challengeapp/api/accounts/accounts.go:158.2,159.51 2 2
github.com/romuloslv/challengeapp/api/accounts/accounts.go:165.2,176.16 4 1
github.com/romuloslv/challengeapp/api/accounts/accounts.go:187.2,188.41 2 1
github.com/romuloslv/challengeapp/api/accounts/accounts.go:154.53,157.3 2 0
github.com/romuloslv/challengeapp/api/accounts/accounts.go:159.51,162.3 2 1
github.com/romuloslv/challengeapp/api/accounts/accounts.go:176.16,177.27 1 0
github.com/romuloslv/challengeapp/api/accounts/accounts.go:182.3,183.9 2 0
github.com/romuloslv/challengeapp/api/accounts/accounts.go:177.27,180.4 2 0
github.com/romuloslv/challengeapp/api/accounts/accounts.go:203.49,206.53 2 2
github.com/romuloslv/challengeapp/api/accounts/accounts.go:210.2,211.51 2 2
github.com/romuloslv/challengeapp/api/accounts/accounts.go:217.2,219.29 2 1
github.com/romuloslv/challengeapp/api/accounts/accounts.go:223.2,223.30 1 1
github.com/romuloslv/challengeapp/api/accounts/accounts.go:227.2,227.29 1 1
github.com/romuloslv/challengeapp/api/accounts/accounts.go:231.2,231.31 1 1
github.com/romuloslv/challengeapp/api/accounts/accounts.go:235.2,235.30 1 1
github.com/romuloslv/challengeapp/api/accounts/accounts.go:240.2,241.16 2 1
github.com/romuloslv/challengeapp/api/accounts/accounts.go:252.2,253.41 2 1
github.com/romuloslv/challengeapp/api/accounts/accounts.go:206.53,209.3 2 0
github.com/romuloslv/challengeapp/api/accounts/accounts.go:211.51,214.3 2 1
github.com/romuloslv/challengeapp/api/accounts/accounts.go:219.29,222.3 2 0
github.com/romuloslv/challengeapp/api/accounts/accounts.go:223.30,226.3 2 1
github.com/romuloslv/challengeapp/api/accounts/accounts.go:227.29,230.3 2 0
github.com/romuloslv/challengeapp/api/accounts/accounts.go:231.31,234.3 2 0
github.com/romuloslv/challengeapp/api/accounts/accounts.go:235.30,238.3 2 0
github.com/romuloslv/challengeapp/api/accounts/accounts.go:241.16,242.27 1 0
github.com/romuloslv/challengeapp/api/accounts/accounts.go:247.3,248.9 2 0
github.com/romuloslv/challengeapp/api/accounts/accounts.go:242.27,245.4 2 0
github.com/romuloslv/challengeapp/api/accounts/accounts.go:267.42,270.53 2 1
github.com/romuloslv/challengeapp/api/accounts/accounts.go:276.2,276.85 1 1
github.com/romuloslv/challengeapp/api/accounts/accounts.go:287.2,287.25 1 1
github.com/romuloslv/challengeapp/api/accounts/accounts.go:270.53,273.3 2 0
github.com/romuloslv/challengeapp/api/accounts/accounts.go:276.85,277.27 1 0
github.com/romuloslv/challengeapp/api/accounts/accounts.go:282.3,283.9 2 0
github.com/romuloslv/challengeapp/api/accounts/accounts.go:277.27,280.4 2 0
github.com/romuloslv/challengeapp/api/accounts/accounts.go:306.40,309.16 2 1
github.com/romuloslv/challengeapp/api/accounts/accounts.go:314.2,314.24 1 1
github.com/romuloslv/challengeapp/api/accounts/accounts.go:320.2,321.35 2 1
github.com/romuloslv/challengeapp/api/accounts/accounts.go:324.2,324.41 1 1
github.com/romuloslv/challengeapp/api/accounts/accounts.go:309.16,312.3 2 0
github.com/romuloslv/challengeapp/api/accounts/accounts.go:314.24,317.3 2 0
github.com/romuloslv/challengeapp/api/accounts/accounts.go:321.35,323.3 1 4
